Start testing: Jan 02 09:39 JST
----------------------------------------------------------
1/1 Testing: LEDDriverTest
1/1 Test: LEDDriverTest
Command: "/Users/takuya/Git/cmake-practice/Unity_test/build_test/LED_driver/LEDDriverTest"
Directory: /Users/takuya/Git/cmake-practice/Unity_test/build_test/LED_driver
"LEDDriverTest" start time: Jan 02 09:39 JST
Output:
----------------------------------------------------------
Unity test run 1 of 1
.

-----------------------
1 Tests 0 Failures 0 Ignored 
OK
<end of output>
Test time =   0.25 sec
----------------------------------------------------------
Test Passed.
"LEDDriverTest" end time: Jan 02 09:39 JST
"LEDDriverTest" time elapsed: 00:00:00
----------------------------------------------------------

End testing: Jan 02 09:39 JST
