Start testing: Jan 02 17:25 JST
----------------------------------------------------------
1/1 Testing: LEDDriverTest
1/1 Test: LEDDriverTest
Command: "/Users/takuya/Git/cmake-practice/LED_driver/build_test/test/LEDDriverTest"
Directory: /Users/takuya/Git/cmake-practice/LED_driver/build_test/test
"LEDDriverTest" start time: Jan 02 17:25 JST
Output:
----------------------------------------------------------
Unity test run 1 of 1
...........!

-----------------------
12 Tests 0 Failures 1 Ignored 
OK
<end of output>
Test time =   0.18 sec
----------------------------------------------------------
Test Passed.
"LEDDriverTest" end time: Jan 02 17:25 JST
"LEDDriverTest" time elapsed: 00:00:00
----------------------------------------------------------

End testing: Jan 02 17:25 JST
